SF:lib\model\entities\notifications_pdf.dart
DA:15,0
DA:16,0
DA:18,0
DA:20,0
DA:21,0
DA:29,1
DA:30,1
DA:32,2
DA:34,2
DA:35,5
DA:42,0
DA:45,0
DA:46,0
DA:48,0
DA:49,0
DA:51,0
DA:53,0
DA:55,0
DA:56,0
DA:57,0
DA:58,0
DA:60,0
DA:62,0
DA:63,0
DA:65,0
DA:69,0
DA:70,0
DA:73,0
DA:76,0
DA:77,0
DA:85,0
DA:86,0
DA:87,0
DA:89,0
LF:34
LH:5
end_of_record
SF:lib\controller\local_storage\app_database.dart
DA:19,0
DA:25,0
DA:27,0
DA:28,0
DA:32,0
DA:33,0
DA:34,0
DA:38,0
DA:40,0
DA:41,0
DA:43,0
DA:49,0
DA:51,0
DA:52,0
DA:55,0
DA:56,0
DA:61,0
DA:62,0
DA:63,0
DA:68,0
DA:69,0
DA:70,0
DA:72,0
LF:23
LH:0
end_of_record
SF:lib\controller\local_storage\app_events_notifications_database.dart
DA:12,0
DA:13,0
DA:20,0
DA:21,0
DA:22,0
DA:29,0
DA:30,0
DA:31,0
DA:33,0
DA:41,0
DA:43,0
DA:46,0
DA:48,0
DA:59,0
DA:61,0
DA:63,0
LF:16
LH:0
end_of_record
SF:lib\model\entities\event.dart
DA:6,0
DA:32,0
DA:41,0
DA:42,0
DA:43,0
DA:44,0
DA:50,0
DA:51,0
DA:52,0
DA:53,0
DA:54,0
DA:55,0
LF:12
LH:0
end_of_record
SF:lib\controller\local_storage\app_exams_notifications_database.dart
DA:11,0
DA:12,0
DA:19,0
DA:20,0
DA:21,0
DA:25,0
DA:27,0
DA:30,0
DA:33,0
DA:34,0
DA:35,0
DA:36,0
DA:37,0
DA:38,0
DA:39,0
DA:40,0
DA:41,0
DA:42,0
DA:43,0
DA:49,0
DA:51,0
DA:54,0
DA:56,0
DA:65,0
DA:66,0
DA:67,0
DA:69,0
DA:76,0
DA:78,0
DA:80,0
LF:30
LH:0
end_of_record
SF:lib\model\entities\exam.dart
DA:6,0
DA:21,0
DA:55,0
DA:57,0
DA:58,0
DA:59,0
DA:60,0
DA:61,0
DA:62,0
DA:63,0
DA:64,0
DA:65,0
DA:67,0
DA:68,0
DA:71,0
DA:73,0
DA:74,0
DA:75,0
DA:76,0
DA:77,0
DA:78,0
DA:79,0
DA:80,0
DA:81,0
DA:82,0
DA:83,0
DA:84,0
DA:85,0
DA:87,0
DA:88,0
DA:92,0
DA:93,0
DA:94,0
DA:95,0
DA:96,0
DA:97,0
DA:98,0
DA:99,0
DA:100,0
DA:101,0
DA:102,0
DA:108,0
DA:109,0
DA:110,0
DA:111,0
DA:112,0
DA:113,0
DA:114,0
DA:115,0
DA:116,0
DA:117,0
DA:118,0
DA:119,0
DA:125,0
DA:126,0
DA:127,0
DA:128,0
DA:130,0
DA:131,0
DA:135,0
DA:136,0
DA:137,0
DA:140,0
DA:142,0
DA:145,0
DA:148,0
DA:149,0
DA:150,0
DA:151,0
DA:152,0
DA:153,0
DA:154,0
DA:155,0
DA:156,0
DA:157,0
DA:158,0
DA:160,0
DA:162,0
DA:163,0
DA:164,0
DA:165,0
DA:166,0
DA:167,0
DA:168,0
DA:169,0
DA:170,0
DA:172,0
DA:173,0
DA:176,0
DA:177,0
DA:178,0
LF:91
LH:0
end_of_record
